2026-06-16 00:26:36,232 - INFO - Successfully loaded configuration from /var/folders/l3/ql4b4y593n5fwxdhl2k094pc0000gn/T/tmpn3l7f1dz/config.yaml
2026-06-16 00:26:36,232 - INFO - Initializing Tracker and Visualizer...
2026-06-16 00:26:36,273 - INFO - Loading YOLO model with weights: yolov8n.pt
2026-06-16 00:26:39,309 - INFO - Processing video: /var/folders/l3/ql4b4y593n5fwxdhl2k094pc0000gn/T/tmpn3l7f1dz/people-walking.mp4
2026-06-16 00:26:39,309 - INFO - Target video will be saved to: /var/folders/l3/ql4b4y593n5fwxdhl2k094pc0000gn/T/tmpn3l7f1dz/output.mp4
2026-06-16 00:27:27,657 - INFO - Video processing completed. Generating final heatmap...
2026-06-16 00:27:41,084 - INFO - Final heatmap saved to: /var/folders/l3/ql4b4y593n5fwxdhl2k094pc0000gn/T/tmpn3l7f1dz/heatmap.png
2026-06-16 00:27:41,086 - INFO - Pipeline completed successfully.
2026-06-16 00:29:58,777 - INFO - Successfully loaded configuration from config/config.yaml
2026-06-16 00:29:58,778 - INFO - Initializing Tracker and Visualizer...
2026-06-16 00:29:58,821 - INFO - Loading YOLO model with weights: yolov8n.pt
2026-06-16 00:29:58,865 - INFO - Processing video: data/people-walking.mp4
2026-06-16 00:29:58,865 - INFO - Target video will be saved to: output/output_people_flow.mp4
2026-06-16 00:30:53,407 - INFO - Video processing completed. Generating final heatmap...
2026-06-16 00:31:06,507 - INFO - Final heatmap saved to: output/final_heatmap.png
2026-06-16 00:31:06,508 - INFO - Pipeline completed successfully.
2026-06-16 00:31:31,877 - INFO - Successfully loaded configuration from /var/folders/l3/ql4b4y593n5fwxdhl2k094pc0000gn/T/tmpkgryn6bs/config.yaml
2026-06-16 00:31:31,878 - INFO - Initializing Tracker and Visualizer...
2026-06-16 00:31:31,906 - INFO - Loading YOLO model with weights: yolov8n.pt
2026-06-16 00:31:31,944 - INFO - Processing video: /var/folders/l3/ql4b4y593n5fwxdhl2k094pc0000gn/T/tmpkgryn6bs/people-walking.mp4
2026-06-16 00:31:31,944 - INFO - Target video will be saved to: output/output_people_flow.mp4
2026-06-16 00:32:07,104 - INFO - Video processing completed. Generating final heatmap...
2026-06-16 00:32:19,581 - INFO - Final heatmap saved to: output/final_heatmap.png
2026-06-16 00:32:19,582 - INFO - Pipeline completed successfully.
2026-06-16 00:41:25,699 - INFO - Successfully loaded configuration from /var/folders/l3/ql4b4y593n5fwxdhl2k094pc0000gn/T/tmp9g7ep2ln/config.yaml
2026-06-16 00:41:25,699 - INFO - Initializing Tracker and Visualizer...
2026-06-16 00:41:25,741 - INFO - Loading YOLO model with weights: yolov8n.pt
2026-06-16 00:41:25,779 - INFO - Processing video: /var/folders/l3/ql4b4y593n5fwxdhl2k094pc0000gn/T/tmp9g7ep2ln/people-walking.mp4
2026-06-16 00:41:25,779 - INFO - Target video will be saved to: output/output_people_flow.mp4
2026-06-16 00:42:01,996 - INFO - Video processing completed. Generating final heatmap...
2026-06-16 00:42:15,857 - INFO - Final heatmap saved to: output/final_heatmap.png
2026-06-16 00:42:15,859 - INFO - Pipeline completed successfully.
2026-06-16 00:48:18,988 - INFO - Successfully loaded configuration from /var/folders/l3/ql4b4y593n5fwxdhl2k094pc0000gn/T/tmpugyq__zy/config.yaml
2026-06-16 00:48:18,988 - INFO - Initializing Tracker and Visualizer...
2026-06-16 00:48:19,029 - INFO - Loading YOLO model with weights: yolov8n.pt
2026-06-16 00:48:19,069 - INFO - Processing video: /var/folders/l3/ql4b4y593n5fwxdhl2k094pc0000gn/T/tmpugyq__zy/people-walking.mp4
2026-06-16 00:48:19,069 - INFO - Target video will be saved to: output/output_people_flow.mp4
2026-06-16 00:49:04,333 - INFO - Successfully loaded configuration from /var/folders/l3/ql4b4y593n5fwxdhl2k094pc0000gn/T/tmpt9u1hafb/config.yaml
2026-06-16 00:49:04,334 - INFO - Initializing Tracker and Visualizer...
2026-06-16 00:49:04,362 - INFO - Loading YOLO model with weights: yolov8n.pt
2026-06-16 00:49:04,407 - INFO - Processing video: /var/folders/l3/ql4b4y593n5fwxdhl2k094pc0000gn/T/tmpt9u1hafb/people-walking.mp4
2026-06-16 00:49:04,407 - INFO - Target video will be saved to: output/output_people_flow.mp4
2026-06-16 00:49:14,566 - INFO - Video processing completed. Generating final heatmap...
2026-06-16 00:49:32,409 - INFO - Final heatmap saved to: output/final_heatmap.png
2026-06-16 00:49:32,411 - INFO - Pipeline completed successfully.
2026-06-16 00:49:51,271 - INFO - Video processing completed. Generating final heatmap...
2026-06-16 00:50:03,655 - INFO - Final heatmap saved to: output/final_heatmap.png
2026-06-16 00:50:03,656 - INFO - Pipeline completed successfully.
2026-06-16 00:51:10,552 - INFO - Successfully loaded configuration from /var/folders/l3/ql4b4y593n5fwxdhl2k094pc0000gn/T/tmpv5_w5rea/config.yaml
2026-06-16 00:51:10,552 - INFO - Initializing Tracker and Visualizer...
2026-06-16 00:51:10,573 - INFO - Loading YOLO model with weights: yolov8n.pt
2026-06-16 00:51:10,612 - INFO - Processing video: /var/folders/l3/ql4b4y593n5fwxdhl2k094pc0000gn/T/tmpv5_w5rea/people-walking.mp4
2026-06-16 00:51:10,612 - INFO - Target video will be saved to: output/output_people_flow.mp4
2026-06-16 00:52:01,676 - INFO - Video processing completed. Generating final heatmap...
2026-06-16 00:52:14,540 - INFO - Final heatmap saved to: output/final_heatmap.png
2026-06-16 00:52:14,541 - INFO - Pipeline completed successfully.
